# JRE version: OpenJDK Runtime Environment Temurin-21.0.10+7 (21.0.10+7) (build 21.0.10+7-LTS)
# Java VM: OpenJDK 64-Bit Server VM Temurin-21.0.10+7 (21.0.10+7-LTS, mixed mode, sharing, tiered, compressed oops, compressed class ptrs, g1 gc, windows-amd64)
GC Precious Log:
 CardTable entry size: 512
 Card Set container configuration: InlinePtr #cards 5 size 8 Array Of Cards #cards 12 size 40 Howl #buckets 4 coarsen threshold 1843 Howl Bitmap #cards 512 size 80 coarsen threshold 460 Card regions per heap region 1 cards per card region 2048
 CPUs: 12 total, 12 available
 Memory: 7419M
 Large Page Support: Disabled
 NUMA Support: Disabled
 Compressed Oops: Enabled (32-bit)
 Heap Region Size: 1M
 Heap Min Capacity: 8M
 Heap Initial Capacity: 116M
 Heap Max Capacity: 1536M
 Pre-touch: Disabled
 Parallel Workers: 10
 Concurrent Workers: 3
 Concurrent Refinement Workers: 10
 Periodic GC: Disabled
Heap:
 garbage-first heap   total 363520K, used 257733K [0x00000000a0000000, 0x0000000100000000)
  region size 1024K, 107 young (109568K), 3 survivors (3072K)
 Metaspace       used 57293K, committed 59008K, reserved 1114112K
  class space    used 8134K, committed 8960K, reserved 1048576K
GC Heap History (20 events):
Event: 39.814 GC heap before
{Heap before GC invocations=64 (full 0):
 garbage-first heap   total 297984K, used 279041K [0x00000000a0000000, 0x0000000100000000)
  region size 1024K, 156 young (159744K), 11 survivors (11264K)
 Metaspace       used 57186K, committed 58880K, reserved 1114112K
  class space    used 8133K, committed 8960K, reserved 1048576K
}
Event: 39.823 GC heap after
{Heap after GC invocations=65 (full 0):
 garbage-first heap   total 297984K, used 126295K [0x00000000a0000000, 0x0000000100000000)
  region size 1024K, 8 young (8192K), 8 survivors (8192K)
 Metaspace       used 57186K, committed 58880K, reserved 1114112K
  class space    used 8133K, committed 8960K, reserved 1048576K
}
Event: 42.501 GC heap before
{Heap before GC invocations=65 (full 0):
 garbage-first heap   total 297984K, used 203095K [0x00000000a0000000, 0x0000000100000000)
  region size 1024K, 85 young (87040K), 8 survivors (8192K)
 Metaspace       used 57246K, committed 58944K, reserved 1114112K
  class space    used 8133K, committed 8960K, reserved 1048576K
}
Event: 42.512 GC heap after
{Heap after GC invocations=66 (full 0):
 garbage-first heap   total 297984K, used 135737K [0x00000000a0000000, 0x0000000100000000)
  region size 1024K, 18 young (18432K), 18 survivors (18432K)
 Metaspace       used 57246K, committed 58944K, reserved 1114112K
  class space    used 8133K, committed 8960K, reserved 1048576K
}
Event: 43.080 GC heap before
{Heap before GC invocations=67 (full 0):
 garbage-first heap   total 297984K, used 284217K [0x00000000a0000000, 0x0000000100000000)
  region size 1024K, 157 young (160768K), 18 survivors (18432K)
 Metaspace       used 57285K, committed 59008K, reserved 1114112K
  class space    used 8134K, committed 8960K, reserved 1048576K
}
Event: 43.103 GC heap after
{Heap after GC invocations=68 (full 0):
 garbage-first heap   total 312320K, used 151093K [0x00000000a0000000, 0x0000000100000000)
  region size 1024K, 10 young (10240K), 10 survivors (10240K)
 Metaspace       used 57285K, committed 59008K, reserved 1114112K
  class space    used 8134K, committed 8960K, reserved 1048576K
}
Event: 43.506 GC heap before
{Heap before GC invocations=68 (full 0):
 garbage-first heap   total 312320K, used 288309K [0x00000000a0000000, 0x0000000100000000)
  region size 1024K, 145 young (148480K), 10 survivors (10240K)
 Metaspace       used 57291K, committed 59008K, reserved 1114112K
  class space    used 8134K, committed 8960K, reserved 1048576K
}
Event: 43.521 GC heap after
{Heap after GC invocations=69 (full 0):
 garbage-first heap   total 312320K, used 153954K [0x00000000a0000000, 0x0000000100000000)
  region size 1024K, 13 young (13312K), 13 survivors (13312K)
 Metaspace       used 57291K, committed 59008K, reserved 1114112K
  class space    used 8134K, committed 8960K, reserved 1048576K
}
Event: 43.682 GC heap before
{Heap before GC invocations=69 (full 0):
 garbage-first heap   total 312320K, used 231778K [0x00000000a0000000, 0x0000000100000000)
  region size 1024K, 91 young (93184K), 13 survivors (13312K)
 Metaspace       used 57292K, committed 59008K, reserved 1114112K
  class space    used 8134K, committed 8960K, reserved 1048576K
}
Event: 43.693 GC heap after
{Heap after GC invocations=70 (full 0):
 garbage-first heap   total 363520K, used 155023K [0x00000000a0000000, 0x0000000100000000)
  region size 1024K, 5 young (5120K), 5 survivors (5120K)
 Metaspace       used 57292K, committed 59008K, reserved 1114112K
  class space    used 8134K, committed 8960K, reserved 1048576K
}
Event: 43.771 GC heap before
{Heap before GC invocations=70 (full 0):
 garbage-first heap   total 363520K, used 188815K [0x00000000a0000000, 0x0000000100000000)
  region size 1024K, 39 young (39936K), 5 survivors (5120K)
 Metaspace       used 57292K, committed 59008K, reserved 1114112K
  class space    used 8134K, committed 8960K, reserved 1048576K
}
Event: 44.734 GC heap after
{Heap after GC invocations=71 (full 0):
 garbage-first heap   total 363520K, used 159680K [0x00000000a0000000, 0x0000000100000000)
  region size 1024K, 8 young (8192K), 8 survivors (8192K)
 Metaspace       used 57292K, committed 59008K, reserved 1114112K
  class space    used 8134K, committed 8960K, reserved 1048576K
}
Event: 45.806 GC heap before
{Heap before GC invocations=71 (full 0):
 garbage-first heap   total 363520K, used 166848K [0x00000000a0000000, 0x0000000100000000)
  region size 1024K, 18 young (18432K), 8 survivors (8192K)
 Metaspace       used 57292K, committed 59008K, reserved 1114112K
  class space    used 8134K, committed 8960K, reserved 1048576K
}
Event: 45.812 GC heap after
{Heap after GC invocations=72 (full 0):
 garbage-first heap   total 363520K, used 153523K [0x00000000a0000000, 0x0000000100000000)
  region size 1024K, 1 young (1024K), 1 survivors (1024K)
 Metaspace       used 57292K, committed 59008K, reserved 1114112K
  class space    used 8134K, committed 8960K, reserved 1048576K
}
Event: 45.904 GC heap before
{Heap before GC invocations=73 (full 0):
 garbage-first heap   total 363520K, used 168883K [0x00000000a0000000, 0x0000000100000000)
  region size 1024K, 17 young (17408K), 1 survivors (1024K)
 Metaspace       used 57292K, committed 59008K, reserved 1114112K
  class space    used 8134K, committed 8960K, reserved 1048576K
}
Event: 45.907 GC heap after
{Heap after GC invocations=74 (full 0):
 garbage-first heap   total 363520K, used 153046K [0x00000000a0000000, 0x0000000100000000)
  region size 1024K, 1 young (1024K), 1 survivors (1024K)
 Metaspace       used 57292K, committed 59008K, reserved 1114112K
  class space    used 8134K, committed 8960K, reserved 1048576K
}
Event: 46.015 GC heap before
{Heap before GC invocations=74 (full 0):
 garbage-first heap   total 363520K, used 169430K [0x00000000a0000000, 0x0000000100000000)
  region size 1024K, 17 young (17408K), 1 survivors (1024K)
 Metaspace       used 57292K, committed 59008K, reserved 1114112K
  class space    used 8134K, committed 8960K, reserved 1048576K
}
Event: 46.018 GC heap after
{Heap after GC invocations=75 (full 0):
 garbage-first heap   total 363520K, used 153209K [0x00000000a0000000, 0x0000000100000000)
  region size 1024K, 2 young (2048K), 2 survivors (2048K)
 Metaspace       used 57292K, committed 59008K, reserved 1114112K
  class space    used 8134K, committed 8960K, reserved 1048576K
}
Event: 46.095 GC heap before
{Heap before GC invocations=75 (full 0):
 garbage-first heap   total 363520K, used 167545K [0x00000000a0000000, 0x0000000100000000)
  region size 1024K, 17 young (17408K), 2 survivors (2048K)
 Metaspace       used 57292K, committed 59008K, reserved 1114112K
  class space    used 8134K, committed 8960K, reserved 1048576K
}
Event: 46.098 GC heap after
{Heap after GC invocations=76 (full 0):
 garbage-first heap   total 363520K, used 153285K [0x00000000a0000000, 0x0000000100000000)
  region size 1024K, 3 young (3072K), 3 survivors (3072K)
 Metaspace       used 57292K, committed 59008K, reserved 1114112K
  class space    used 8134K, committed 8960K, reserved 1048576K
}

