# JRE version: OpenJDK Runtime Environment Temurin-21.0.10+7 (21.0.10+7) (build 21.0.10+7-LTS)
# Java VM: OpenJDK 64-Bit Server VM Temurin-21.0.10+7 (21.0.10+7-LTS, mixed mode, sharing, tiered, compressed oops, compressed class ptrs, g1 gc, windows-amd64)
GC Precious Log:
 CardTable entry size: 512
 Card Set container configuration: InlinePtr #cards 4 size 8 Array Of Cards #cards 32 size 80 Howl #buckets 8 coarsen threshold 7372 Howl Bitmap #cards 1024 size 144 coarsen threshold 921 Card regions per heap region 1 cards per card region 8192
 CPUs: 12 total, 12 available
 Memory: 7419M
 Large Page Support: Disabled
 NUMA Support: Disabled
 Compressed Oops: Enabled (Zero based)
 Heap Region Size: 4M
 Heap Min Capacity: 8M
 Heap Initial Capacity: 116M
 Heap Max Capacity: 8G
 Pre-touch: Disabled
 Parallel Workers: 10
 Concurrent Workers: 3
 Concurrent Refinement Workers: 10
 Periodic GC: Disabled
Heap:
 garbage-first heap   total 131072K, used 48340K [0x0000000600000000, 0x0000000800000000)
  region size 4096K, 4 young (16384K), 3 survivors (12288K)
 Metaspace       used 54061K, committed 55936K, reserved 1114112K
  class space    used 8000K, committed 8896K, reserved 1048576K
GC Heap History (20 events):
Event: 2.806 GC heap before
{Heap before GC invocations=1 (full 0):
 garbage-first heap   total 118784K, used 42400K [0x0000000600000000, 0x0000000800000000)
  region size 4096K, 10 young (40960K), 1 survivors (4096K)
 Metaspace       used 4368K, committed 4544K, reserved 1114112K
  class space    used 557K, committed 640K, reserved 1048576K
}
Event: 2.818 GC heap after
{Heap after GC invocations=2 (full 0):
 garbage-first heap   total 118784K, used 11941K [0x0000000600000000, 0x0000000800000000)
  region size 4096K, 2 young (8192K), 2 survivors (8192K)
 Metaspace       used 4368K, committed 4544K, reserved 1114112K
  class space    used 557K, committed 640K, reserved 1048576K
}
Event: 4.858 GC heap before
{Heap before GC invocations=2 (full 0):
 garbage-first heap   total 118784K, used 69285K [0x0000000600000000, 0x0000000800000000)
  region size 4096K, 16 young (65536K), 2 survivors (8192K)
 Metaspace       used 6548K, committed 6848K, reserved 1114112K
  class space    used 889K, committed 1024K, reserved 1048576K
}
Event: 4.879 GC heap after
{Heap after GC invocations=3 (full 0):
 garbage-first heap   total 118784K, used 18484K [0x0000000600000000, 0x0000000800000000)
  region size 4096K, 2 young (8192K), 2 survivors (8192K)
 Metaspace       used 6548K, committed 6848K, reserved 1114112K
  class space    used 889K, committed 1024K, reserved 1048576K
}
Event: 7.621 GC heap before
{Heap before GC invocations=3 (full 0):
 garbage-first heap   total 118784K, used 79924K [0x0000000600000000, 0x0000000800000000)
  region size 4096K, 17 young (69632K), 2 survivors (8192K)
 Metaspace       used 17451K, committed 18048K, reserved 1114112K
  class space    used 2493K, committed 2752K, reserved 1048576K
}
Event: 7.632 GC heap after
{Heap after GC invocations=4 (full 0):
 garbage-first heap   total 118784K, used 23248K [0x0000000600000000, 0x0000000800000000)
  region size 4096K, 2 young (8192K), 2 survivors (8192K)
 Metaspace       used 17451K, committed 18048K, reserved 1114112K
  class space    used 2493K, committed 2752K, reserved 1048576K
}
Event: 8.646 GC heap before
{Heap before GC invocations=4 (full 0):
 garbage-first heap   total 118784K, used 47824K [0x0000000600000000, 0x0000000800000000)
  region size 4096K, 9 young (36864K), 2 survivors (8192K)
 Metaspace       used 20815K, committed 21504K, reserved 1114112K
  class space    used 3074K, committed 3392K, reserved 1048576K
}
Event: 8.654 GC heap after
{Heap after GC invocations=5 (full 0):
 garbage-first heap   total 118784K, used 24933K [0x0000000600000000, 0x0000000800000000)
  region size 4096K, 2 young (8192K), 2 survivors (8192K)
 Metaspace       used 20815K, committed 21504K, reserved 1114112K
  class space    used 3074K, committed 3392K, reserved 1048576K
}
Event: 11.328 GC heap before
{Heap before GC invocations=6 (full 0):
 garbage-first heap   total 98304K, used 86373K [0x0000000600000000, 0x0000000800000000)
  region size 4096K, 17 young (69632K), 2 survivors (8192K)
 Metaspace       used 30388K, committed 31424K, reserved 1114112K
  class space    used 4466K, committed 4992K, reserved 1048576K
}
Event: 11.341 GC heap after
{Heap after GC invocations=7 (full 0):
 garbage-first heap   total 102400K, used 30405K [0x0000000600000000, 0x0000000800000000)
  region size 4096K, 3 young (12288K), 3 survivors (12288K)
 Metaspace       used 30388K, committed 31424K, reserved 1114112K
  class space    used 4466K, committed 4992K, reserved 1048576K
}
Event: 12.598 GC heap before
{Heap before GC invocations=7 (full 0):
 garbage-first heap   total 102400K, used 75461K [0x0000000600000000, 0x0000000800000000)
  region size 4096K, 15 young (61440K), 3 survivors (12288K)
 Metaspace       used 34709K, committed 35776K, reserved 1114112K
  class space    used 4933K, committed 5440K, reserved 1048576K
}
Event: 12.614 GC heap after
{Heap after GC invocations=8 (full 0):
 garbage-first heap   total 106496K, used 34583K [0x0000000600000000, 0x0000000800000000)
  region size 4096K, 2 young (8192K), 2 survivors (8192K)
 Metaspace       used 34709K, committed 35776K, reserved 1114112K
  class space    used 4933K, committed 5440K, reserved 1048576K
}
Event: 12.690 GC heap before
{Heap before GC invocations=8 (full 0):
 garbage-first heap   total 106496K, used 34583K [0x0000000600000000, 0x0000000800000000)
  region size 4096K, 3 young (12288K), 2 survivors (8192K)
 Metaspace       used 34924K, committed 35968K, reserved 1114112K
  class space    used 4964K, committed 5504K, reserved 1048576K
}
Event: 12.694 GC heap after
{Heap after GC invocations=9 (full 0):
 garbage-first heap   total 106496K, used 33840K [0x0000000600000000, 0x0000000800000000)
  region size 4096K, 2 young (8192K), 2 survivors (8192K)
 Metaspace       used 34924K, committed 35968K, reserved 1114112K
  class space    used 4964K, committed 5504K, reserved 1048576K
}
Event: 13.726 GC heap before
{Heap before GC invocations=10 (full 0):
 garbage-first heap   total 106496K, used 78896K [0x0000000600000000, 0x0000000800000000)
  region size 4096K, 14 young (57344K), 2 survivors (8192K)
 Metaspace       used 38172K, committed 39424K, reserved 1114112K
  class space    used 5377K, committed 5952K, reserved 1048576K
}
Event: 13.732 GC heap after
{Heap after GC invocations=11 (full 0):
 garbage-first heap   total 131072K, used 35940K [0x0000000600000000, 0x0000000800000000)
  region size 4096K, 2 young (8192K), 2 survivors (8192K)
 Metaspace       used 38172K, committed 39424K, reserved 1114112K
  class space    used 5377K, committed 5952K, reserved 1048576K
}
Event: 15.310 GC heap before
{Heap before GC invocations=11 (full 0):
 garbage-first heap   total 131072K, used 105572K [0x0000000600000000, 0x0000000800000000)
  region size 4096K, 19 young (77824K), 2 survivors (8192K)
 Metaspace       used 43832K, committed 45440K, reserved 1114112K
  class space    used 6315K, committed 7104K, reserved 1048576K
}
Event: 15.317 GC heap after
{Heap after GC invocations=12 (full 0):
 garbage-first heap   total 131072K, used 39098K [0x0000000600000000, 0x0000000800000000)
  region size 4096K, 3 young (12288K), 3 survivors (12288K)
 Metaspace       used 43832K, committed 45440K, reserved 1114112K
  class space    used 6315K, committed 7104K, reserved 1048576K
}
Event: 18.420 GC heap before
{Heap before GC invocations=12 (full 0):
 garbage-first heap   total 131072K, used 104634K [0x0000000600000000, 0x0000000800000000)
  region size 4096K, 19 young (77824K), 3 survivors (12288K)
 Metaspace       used 50024K, committed 51840K, reserved 1114112K
  class space    used 7322K, committed 8192K, reserved 1048576K
}
Event: 18.431 GC heap after
{Heap after GC invocations=13 (full 0):
 garbage-first heap   total 131072K, used 43582K [0x0000000600000000, 0x0000000800000000)
  region size 4096K, 3 young (12288K), 3 survivors (12288K)
 Metaspace       used 50024K, committed 51840K, reserved 1114112K
  class space    used 7322K, committed 8192K, reserved 1048576K
}

