# JRE version: OpenJDK Runtime Environment Temurin-21.0.10+7 (21.0.10+7) (build 21.0.10+7-LTS)
# Java VM: OpenJDK 64-Bit Server VM Temurin-21.0.10+7 (21.0.10+7-LTS, mixed mode, sharing, tiered, compressed oops, compressed class ptrs, parallel gc, windows-amd64)
GC Precious Log:
 CardTable entry size: 512
 CPUs: 12 total, 12 available
 Memory: 7419M
 Large Page Support: Disabled
 NUMA Support: Disabled
 Compressed Oops: Enabled (32-bit)
 Alignments: Space 512K, Generation 512K, Heap 2M
 Heap Min Capacity: 100M
 Heap Initial Capacity: 100M
 Heap Max Capacity: 2G
 Pre-touch: Disabled
 Parallel Workers: 10
Heap:
 PSYoungGen      total 8704K, used 2984K [0x00000000d5580000, 0x00000000d6100000, 0x0000000100000000)
  eden space 7680K, 28% used [0x00000000d5580000,0x00000000d57aa350,0x00000000d5d00000)
  from space 1024K, 75% used [0x00000000d5f00000,0x00000000d5fc0000,0x00000000d6000000)
  to   space 1024K, 0% used [0x00000000d6000000,0x00000000d6000000,0x00000000d6100000)
 ParOldGen       total 1270272K, used 512616K [0x0000000080000000, 0x00000000cd880000, 0x00000000d5580000)
  object space 1270272K, 40% used [0x0000000080000000,0x000000009f49a1a8,0x00000000cd880000)
 Metaspace       used 69010K, committed 70784K, reserved 1114112K
  class space    used 8627K, committed 9472K, reserved 1048576K
GC Heap History (20 events):
Event: 14185.082 GC heap before
{Heap before GC invocations=4509 (full 3):
 PSYoungGen      total 8192K, used 7840K [0x00000000d5580000, 0x00000000d6100000, 0x0000000100000000)
  eden space 7680K, 100% used [0x00000000d5580000,0x00000000d5d00000,0x00000000d5d00000)
  from space 512K, 31% used [0x00000000d6080000,0x00000000d60a8000,0x00000000d6100000)
  to   space 512K, 0% used [0x00000000d6000000,0x00000000d6000000,0x00000000d6080000)
 ParOldGen       total 1270272K, used 505974K [0x0000000080000000, 0x00000000cd880000, 0x00000000d5580000)
  object space 1270272K, 39% used [0x0000000080000000,0x000000009ee1dac8,0x00000000cd880000)
 Metaspace       used 68774K, committed 70592K, reserved 1114112K
  class space    used 8602K, committed 9472K, reserved 1048576K
}
Event: 14185.084 GC heap after
{Heap after GC invocations=4509 (full 3):
 PSYoungGen      total 8192K, used 160K [0x00000000d5580000, 0x00000000d6100000, 0x0000000100000000)
  eden space 7680K, 0% used [0x00000000d5580000,0x00000000d5580000,0x00000000d5d00000)
  from space 512K, 31% used [0x00000000d6000000,0x00000000d6028000,0x00000000d6080000)
  to   space 512K, 0% used [0x00000000d6080000,0x00000000d6080000,0x00000000d6100000)
 ParOldGen       total 1270272K, used 505974K [0x0000000080000000, 0x00000000cd880000, 0x00000000d5580000)
  object space 1270272K, 39% used [0x0000000080000000,0x000000009ee1dac8,0x00000000cd880000)
 Metaspace       used 68774K, committed 70592K, reserved 1114112K
  class space    used 8602K, committed 9472K, reserved 1048576K
}
Event: 14185.197 GC heap before
{Heap before GC invocations=4510 (full 3):
 PSYoungGen      total 8192K, used 7840K [0x00000000d5580000, 0x00000000d6100000, 0x0000000100000000)
  eden space 7680K, 100% used [0x00000000d5580000,0x00000000d5d00000,0x00000000d5d00000)
  from space 512K, 31% used [0x00000000d6000000,0x00000000d6028000,0x00000000d6080000)
  to   space 512K, 0% used [0x00000000d6080000,0x00000000d6080000,0x00000000d6100000)
 ParOldGen       total 1270272K, used 505974K [0x0000000080000000, 0x00000000cd880000, 0x00000000d5580000)
  object space 1270272K, 39% used [0x0000000080000000,0x000000009ee1dac8,0x00000000cd880000)
 Metaspace       used 68774K, committed 70592K, reserved 1114112K
  class space    used 8602K, committed 9472K, reserved 1048576K
}
Event: 14185.201 GC heap after
{Heap after GC invocations=4510 (full 3):
 PSYoungGen      total 8192K, used 128K [0x00000000d5580000, 0x00000000d6100000, 0x0000000100000000)
  eden space 7680K, 0% used [0x00000000d5580000,0x00000000d5580000,0x00000000d5d00000)
  from space 512K, 25% used [0x00000000d6080000,0x00000000d60a0000,0x00000000d6100000)
  to   space 512K, 0% used [0x00000000d6000000,0x00000000d6000000,0x00000000d6080000)
 ParOldGen       total 1270272K, used 505974K [0x0000000080000000, 0x00000000cd880000, 0x00000000d5580000)
  object space 1270272K, 39% used [0x0000000080000000,0x000000009ee1dac8,0x00000000cd880000)
 Metaspace       used 68774K, committed 70592K, reserved 1114112K
  class space    used 8602K, committed 9472K, reserved 1048576K
}
Event: 14185.313 GC heap before
{Heap before GC invocations=4511 (full 3):
 PSYoungGen      total 8192K, used 7808K [0x00000000d5580000, 0x00000000d6100000, 0x0000000100000000)
  eden space 7680K, 100% used [0x00000000d5580000,0x00000000d5d00000,0x00000000d5d00000)
  from space 512K, 25% used [0x00000000d6080000,0x00000000d60a0000,0x00000000d6100000)
  to   space 512K, 0% used [0x00000000d6000000,0x00000000d6000000,0x00000000d6080000)
 ParOldGen       total 1270272K, used 505974K [0x0000000080000000, 0x00000000cd880000, 0x00000000d5580000)
  object space 1270272K, 39% used [0x0000000080000000,0x000000009ee1dac8,0x00000000cd880000)
 Metaspace       used 68774K, committed 70592K, reserved 1114112K
  class space    used 8602K, committed 9472K, reserved 1048576K
}
Event: 14185.316 GC heap after
{Heap after GC invocations=4511 (full 3):
 PSYoungGen      total 8192K, used 160K [0x00000000d5580000, 0x00000000d6100000, 0x0000000100000000)
  eden space 7680K, 0% used [0x00000000d5580000,0x00000000d5580000,0x00000000d5d00000)
  from space 512K, 31% used [0x00000000d6000000,0x00000000d6028000,0x00000000d6080000)
  to   space 512K, 0% used [0x00000000d6080000,0x00000000d6080000,0x00000000d6100000)
 ParOldGen       total 1270272K, used 505990K [0x0000000080000000, 0x00000000cd880000, 0x00000000d5580000)
  object space 1270272K, 39% used [0x0000000080000000,0x000000009ee21ac8,0x00000000cd880000)
 Metaspace       used 68774K, committed 70592K, reserved 1114112K
  class space    used 8602K, committed 9472K, reserved 1048576K
}
Event: 14185.419 GC heap before
{Heap before GC invocations=4512 (full 3):
 PSYoungGen      total 8192K, used 7840K [0x00000000d5580000, 0x00000000d6100000, 0x0000000100000000)
  eden space 7680K, 100% used [0x00000000d5580000,0x00000000d5d00000,0x00000000d5d00000)
  from space 512K, 31% used [0x00000000d6000000,0x00000000d6028000,0x00000000d6080000)
  to   space 512K, 0% used [0x00000000d6080000,0x00000000d6080000,0x00000000d6100000)
 ParOldGen       total 1270272K, used 505990K [0x0000000080000000, 0x00000000cd880000, 0x00000000d5580000)
  object space 1270272K, 39% used [0x0000000080000000,0x000000009ee21ac8,0x00000000cd880000)
 Metaspace       used 68774K, committed 70592K, reserved 1114112K
  class space    used 8602K, committed 9472K, reserved 1048576K
}
Event: 14185.422 GC heap after
{Heap after GC invocations=4512 (full 3):
 PSYoungGen      total 8192K, used 160K [0x00000000d5580000, 0x00000000d6100000, 0x0000000100000000)
  eden space 7680K, 0% used [0x00000000d5580000,0x00000000d5580000,0x00000000d5d00000)
  from space 512K, 31% used [0x00000000d6080000,0x00000000d60a8000,0x00000000d6100000)
  to   space 512K, 0% used [0x00000000d6000000,0x00000000d6000000,0x00000000d6080000)
 ParOldGen       total 1270272K, used 506006K [0x0000000080000000, 0x00000000cd880000, 0x00000000d5580000)
  object space 1270272K, 39% used [0x0000000080000000,0x000000009ee25ac8,0x00000000cd880000)
 Metaspace       used 68774K, committed 70592K, reserved 1114112K
  class space    used 8602K, committed 9472K, reserved 1048576K
}
Event: 14185.525 GC heap before
{Heap before GC invocations=4513 (full 3):
 PSYoungGen      total 8192K, used 7840K [0x00000000d5580000, 0x00000000d6100000, 0x0000000100000000)
  eden space 7680K, 100% used [0x00000000d5580000,0x00000000d5d00000,0x00000000d5d00000)
  from space 512K, 31% used [0x00000000d6080000,0x00000000d60a8000,0x00000000d6100000)
  to   space 512K, 0% used [0x00000000d6000000,0x00000000d6000000,0x00000000d6080000)
 ParOldGen       total 1270272K, used 506006K [0x0000000080000000, 0x00000000cd880000, 0x00000000d5580000)
  object space 1270272K, 39% used [0x0000000080000000,0x000000009ee25ac8,0x00000000cd880000)
 Metaspace       used 68774K, committed 70592K, reserved 1114112K
  class space    used 8602K, committed 9472K, reserved 1048576K
}
Event: 14185.526 GC heap after
{Heap after GC invocations=4513 (full 3):
 PSYoungGen      total 8192K, used 256K [0x00000000d5580000, 0x00000000d6100000, 0x0000000100000000)
  eden space 7680K, 0% used [0x00000000d5580000,0x00000000d5580000,0x00000000d5d00000)
  from space 512K, 50% used [0x00000000d6000000,0x00000000d6040000,0x00000000d6080000)
  to   space 512K, 0% used [0x00000000d6080000,0x00000000d6080000,0x00000000d6100000)
 ParOldGen       total 1270272K, used 506006K [0x0000000080000000, 0x00000000cd880000, 0x00000000d5580000)
  object space 1270272K, 39% used [0x0000000080000000,0x000000009ee25ac8,0x00000000cd880000)
 Metaspace       used 68774K, committed 70592K, reserved 1114112K
  class space    used 8602K, committed 9472K, reserved 1048576K
}
Event: 14188.421 GC heap before
{Heap before GC invocations=4514 (full 3):
 PSYoungGen      total 8192K, used 7936K [0x00000000d5580000, 0x00000000d6100000, 0x0000000100000000)
  eden space 7680K, 100% used [0x00000000d5580000,0x00000000d5d00000,0x00000000d5d00000)
  from space 512K, 50% used [0x00000000d6000000,0x00000000d6040000,0x00000000d6080000)
  to   space 512K, 0% used [0x00000000d6080000,0x00000000d6080000,0x00000000d6100000)
 ParOldGen       total 1270272K, used 506006K [0x0000000080000000, 0x00000000cd880000, 0x00000000d5580000)
  object space 1270272K, 39% used [0x0000000080000000,0x000000009ee25ac8,0x00000000cd880000)
 Metaspace       used 68776K, committed 70592K, reserved 1114112K
  class space    used 8602K, committed 9472K, reserved 1048576K
}
Event: 14188.443 GC heap after
{Heap after GC invocations=4514 (full 3):
 PSYoungGen      total 8192K, used 256K [0x00000000d5580000, 0x00000000d6100000, 0x0000000100000000)
  eden space 7680K, 0% used [0x00000000d5580000,0x00000000d5580000,0x00000000d5d00000)
  from space 512K, 50% used [0x00000000d6080000,0x00000000d60c0000,0x00000000d6100000)
  to   space 512K, 0% used [0x00000000d6000000,0x00000000d6000000,0x00000000d6080000)
 ParOldGen       total 1270272K, used 506006K [0x0000000080000000, 0x00000000cd880000, 0x00000000d5580000)
  object space 1270272K, 39% used [0x0000000080000000,0x000000009ee25ac8,0x00000000cd880000)
 Metaspace       used 68776K, committed 70592K, reserved 1114112K
  class space    used 8602K, committed 9472K, reserved 1048576K
}
Event: 14190.658 GC heap before
{Heap before GC invocations=4515 (full 3):
 PSYoungGen      total 8192K, used 6474K [0x00000000d5580000, 0x00000000d6100000, 0x0000000100000000)
  eden space 7680K, 80% used [0x00000000d5580000,0x00000000d5b92a38,0x00000000d5d00000)
  from space 512K, 50% used [0x00000000d6080000,0x00000000d60c0000,0x00000000d6100000)
  to   space 512K, 0% used [0x00000000d6000000,0x00000000d6000000,0x00000000d6080000)
 ParOldGen       total 1270272K, used 506006K [0x0000000080000000, 0x00000000cd880000, 0x00000000d5580000)
  object space 1270272K, 39% used [0x0000000080000000,0x000000009ee25ac8,0x00000000cd880000)
 Metaspace       used 68867K, committed 70656K, reserved 1114112K
  class space    used 8608K, committed 9472K, reserved 1048576K
}
Event: 14190.668 GC heap after
{Heap after GC invocations=4515 (full 3):
 PSYoungGen      total 8192K, used 384K [0x00000000d5580000, 0x00000000d6100000, 0x0000000100000000)
  eden space 7680K, 0% used [0x00000000d5580000,0x00000000d5580000,0x00000000d5d00000)
  from space 512K, 75% used [0x00000000d6000000,0x00000000d6060000,0x00000000d6080000)
  to   space 512K, 0% used [0x00000000d6080000,0x00000000d6080000,0x00000000d6100000)
 ParOldGen       total 1270272K, used 506062K [0x0000000080000000, 0x00000000cd880000, 0x00000000d5580000)
  object space 1270272K, 39% used [0x0000000080000000,0x000000009ee33ac8,0x00000000cd880000)
 Metaspace       used 68867K, committed 70656K, reserved 1114112K
  class space    used 8608K, committed 9472K, reserved 1048576K
}
Event: 14191.461 GC heap before
{Heap before GC invocations=4516 (full 3):
 PSYoungGen      total 8192K, used 7889K [0x00000000d5580000, 0x00000000d6100000, 0x0000000100000000)
  eden space 7680K, 97% used [0x00000000d5580000,0x00000000d5cd4658,0x00000000d5d00000)
  from space 512K, 75% used [0x00000000d6000000,0x00000000d6060000,0x00000000d6080000)
  to   space 512K, 0% used [0x00000000d6080000,0x00000000d6080000,0x00000000d6100000)
 ParOldGen       total 1270272K, used 506062K [0x0000000080000000, 0x00000000cd880000, 0x00000000d5580000)
  object space 1270272K, 39% used [0x0000000080000000,0x000000009ee33ac8,0x00000000cd880000)
 Metaspace       used 68867K, committed 70656K, reserved 1114112K
  class space    used 8608K, committed 9472K, reserved 1048576K
}
Event: 14191.465 GC heap after
{Heap after GC invocations=4516 (full 3):
 PSYoungGen      total 8192K, used 192K [0x00000000d5580000, 0x00000000d6100000, 0x0000000100000000)
  eden space 7680K, 0% used [0x00000000d5580000,0x00000000d5580000,0x00000000d5d00000)
  from space 512K, 37% used [0x00000000d6080000,0x00000000d60b0000,0x00000000d6100000)
  to   space 512K, 0% used [0x00000000d6000000,0x00000000d6000000,0x00000000d6080000)
 ParOldGen       total 1270272K, used 506328K [0x0000000080000000, 0x00000000cd880000, 0x00000000d5580000)
  object space 1270272K, 39% used [0x0000000080000000,0x000000009ee761c0,0x00000000cd880000)
 Metaspace       used 68867K, committed 70656K, reserved 1114112K
  class space    used 8608K, committed 9472K, reserved 1048576K
}
Event: 14192.943 GC heap before
{Heap before GC invocations=4517 (full 3):
 PSYoungGen      total 8192K, used 7872K [0x00000000d5580000, 0x00000000d6100000, 0x0000000100000000)
  eden space 7680K, 100% used [0x00000000d5580000,0x00000000d5d00000,0x00000000d5d00000)
  from space 512K, 37% used [0x00000000d6080000,0x00000000d60b0000,0x00000000d6100000)
  to   space 512K, 0% used [0x00000000d6000000,0x00000000d6000000,0x00000000d6080000)
 ParOldGen       total 1270272K, used 512464K [0x0000000080000000, 0x00000000cd880000, 0x00000000d5580000)
  object space 1270272K, 40% used [0x0000000080000000,0x000000009f474188,0x00000000cd880000)
 Metaspace       used 68867K, committed 70656K, reserved 1114112K
  class space    used 8608K, committed 9472K, reserved 1048576K
}
Event: 14192.946 GC heap after
{Heap after GC invocations=4517 (full 3):
 PSYoungGen      total 8192K, used 192K [0x00000000d5580000, 0x00000000d6100000, 0x0000000100000000)
  eden space 7680K, 0% used [0x00000000d5580000,0x00000000d5580000,0x00000000d5d00000)
  from space 512K, 37% used [0x00000000d6000000,0x00000000d6030000,0x00000000d6080000)
  to   space 512K, 0% used [0x00000000d6080000,0x00000000d6080000,0x00000000d6100000)
 ParOldGen       total 1270272K, used 512464K [0x0000000080000000, 0x00000000cd880000, 0x00000000d5580000)
  object space 1270272K, 40% used [0x0000000080000000,0x000000009f474188,0x00000000cd880000)
 Metaspace       used 68867K, committed 70656K, reserved 1114112K
  class space    used 8608K, committed 9472K, reserved 1048576K
}
Event: 14193.595 GC heap before
{Heap before GC invocations=4518 (full 3):
 PSYoungGen      total 8192K, used 7838K [0x00000000d5580000, 0x00000000d6100000, 0x0000000100000000)
  eden space 7680K, 99% used [0x00000000d5580000,0x00000000d5cf7850,0x00000000d5d00000)
  from space 512K, 37% used [0x00000000d6000000,0x00000000d6030000,0x00000000d6080000)
  to   space 512K, 0% used [0x00000000d6080000,0x00000000d6080000,0x00000000d6100000)
 ParOldGen       total 1270272K, used 512464K [0x0000000080000000, 0x00000000cd880000, 0x00000000d5580000)
  object space 1270272K, 40% used [0x0000000080000000,0x000000009f474188,0x00000000cd880000)
 Metaspace       used 68883K, committed 70656K, reserved 1114112K
  class space    used 8608K, committed 9472K, reserved 1048576K
}
Event: 14193.603 GC heap after
{Heap after GC invocations=4518 (full 3):
 PSYoungGen      total 8192K, used 483K [0x00000000d5580000, 0x00000000d6100000, 0x0000000100000000)
  eden space 7680K, 0% used [0x00000000d5580000,0x00000000d5580000,0x00000000d5d00000)
  from space 512K, 94% used [0x00000000d6080000,0x00000000d60f8f08,0x00000000d6100000)
  to   space 1024K, 0% used [0x00000000d5f00000,0x00000000d5f00000,0x00000000d6000000)
 ParOldGen       total 1270272K, used 512568K [0x0000000080000000, 0x00000000cd880000, 0x00000000d5580000)
  object space 1270272K, 40% used [0x0000000080000000,0x000000009f48e1a8,0x00000000cd880000)
 Metaspace       used 68883K, committed 70656K, reserved 1114112K
  class space    used 8608K, committed 9472K, reserved 1048576K
}

