# JRE version: OpenJDK Runtime Environment Temurin-21.0.10+7 (21.0.10+7) (build 21.0.10+7-LTS)
# Java VM: OpenJDK 64-Bit Server VM Temurin-21.0.10+7 (21.0.10+7-LTS, mixed mode, sharing, tiered, compressed oops, compressed class ptrs, g1 gc, windows-amd64)
GC Precious Log:
 CardTable entry size: 512
 Card Set container configuration: InlinePtr #cards 4 size 8 Array Of Cards #cards 32 size 80 Howl #buckets 8 coarsen threshold 7372 Howl Bitmap #cards 1024 size 144 coarsen threshold 921 Card regions per heap region 1 cards per card region 8192
 CPUs: 12 total, 12 available
 Memory: 7419M
 Large Page Support: Disabled
 NUMA Support: Disabled
 Compressed Oops: Enabled (Zero based)
 Heap Region Size: 4M
 Heap Min Capacity: 8M
 Heap Initial Capacity: 116M
 Heap Max Capacity: 8G
 Pre-touch: Disabled
 Parallel Workers: 10
 Concurrent Workers: 3
 Concurrent Refinement Workers: 10
 Periodic GC: Disabled
Heap:
 garbage-first heap   total 139264K, used 88020K [0x0000000600000000, 0x0000000800000000)
  region size 4096K, 4 young (16384K), 2 survivors (8192K)
 Metaspace       used 79815K, committed 82048K, reserved 1179648K
  class space    used 11564K, committed 12672K, reserved 1048576K
GC Heap History (20 events):
Event: 26.152 GC heap before
{Heap before GC invocations=14 (full 0):
 garbage-first heap   total 102400K, used 84202K [0x0000000600000000, 0x0000000800000000)
  region size 4096K, 12 young (49152K), 2 survivors (8192K)
 Metaspace       used 52073K, committed 53888K, reserved 1114112K
  class space    used 7621K, committed 8512K, reserved 1048576K
}
Event: 26.164 GC heap after
{Heap after GC invocations=15 (full 0):
 garbage-first heap   total 102400K, used 47342K [0x0000000600000000, 0x0000000800000000)
  region size 4096K, 2 young (8192K), 2 survivors (8192K)
 Metaspace       used 52073K, committed 53888K, reserved 1114112K
  class space    used 7621K, committed 8512K, reserved 1048576K
}
Event: 28.030 GC heap before
{Heap before GC invocations=15 (full 0):
 garbage-first heap   total 102400K, used 92398K [0x0000000600000000, 0x0000000800000000)
  region size 4096K, 12 young (49152K), 2 survivors (8192K)
 Metaspace       used 55840K, committed 57728K, reserved 1114112K
  class space    used 8214K, committed 9152K, reserved 1048576K
}
Event: 28.040 GC heap after
{Heap after GC invocations=16 (full 0):
 garbage-first heap   total 131072K, used 55070K [0x0000000600000000, 0x0000000800000000)
  region size 4096K, 2 young (8192K), 2 survivors (8192K)
 Metaspace       used 55840K, committed 57728K, reserved 1114112K
  class space    used 8214K, committed 9152K, reserved 1048576K
}
Event: 28.761 GC heap before
{Heap before GC invocations=16 (full 0):
 garbage-first heap   total 131072K, used 75550K [0x0000000600000000, 0x0000000800000000)
  region size 4096K, 8 young (32768K), 2 survivors (8192K)
 Metaspace       used 58243K, committed 60096K, reserved 1114112K
  class space    used 8530K, committed 9472K, reserved 1048576K
}
Event: 28.769 GC heap after
{Heap after GC invocations=17 (full 0):
 garbage-first heap   total 131072K, used 55317K [0x0000000600000000, 0x0000000800000000)
  region size 4096K, 1 young (4096K), 1 survivors (4096K)
 Metaspace       used 58243K, committed 60096K, reserved 1114112K
  class space    used 8530K, committed 9472K, reserved 1048576K
}
Event: 31.002 GC heap before
{Heap before GC invocations=18 (full 0):
 garbage-first heap   total 131072K, used 108565K [0x0000000600000000, 0x0000000800000000)
  region size 4096K, 15 young (61440K), 1 survivors (4096K)
 Metaspace       used 63588K, committed 65536K, reserved 1114112K
  class space    used 9275K, committed 10240K, reserved 1048576K
}
Event: 31.008 GC heap after
{Heap after GC invocations=19 (full 0):
 garbage-first heap   total 131072K, used 57435K [0x0000000600000000, 0x0000000800000000)
  region size 4096K, 1 young (4096K), 1 survivors (4096K)
 Metaspace       used 63588K, committed 65536K, reserved 1114112K
  class space    used 9275K, committed 10240K, reserved 1048576K
}
Event: 33.064 GC heap before
{Heap before GC invocations=19 (full 0):
 garbage-first heap   total 131072K, used 118875K [0x0000000600000000, 0x0000000800000000)
  region size 4096K, 15 young (61440K), 1 survivors (4096K)
 Metaspace       used 67452K, committed 69376K, reserved 1114112K
  class space    used 9833K, committed 10816K, reserved 1048576K
}
Event: 33.073 GC heap after
{Heap after GC invocations=20 (full 0):
 garbage-first heap   total 131072K, used 62969K [0x0000000600000000, 0x0000000800000000)
  region size 4096K, 2 young (8192K), 2 survivors (8192K)
 Metaspace       used 67452K, committed 69376K, reserved 1114112K
  class space    used 9833K, committed 10816K, reserved 1048576K
}
Event: 35.277 GC heap before
{Heap before GC invocations=20 (full 0):
 garbage-first heap   total 131072K, used 116217K [0x0000000600000000, 0x0000000800000000)
  region size 4096K, 15 young (61440K), 2 survivors (8192K)
 Metaspace       used 69859K, committed 72000K, reserved 1114112K
  class space    used 10171K, committed 11264K, reserved 1048576K
}
Event: 35.285 GC heap after
{Heap after GC invocations=21 (full 0):
 garbage-first heap   total 131072K, used 66401K [0x0000000600000000, 0x0000000800000000)
  region size 4096K, 2 young (8192K), 2 survivors (8192K)
 Metaspace       used 69859K, committed 72000K, reserved 1114112K
  class space    used 10171K, committed 11264K, reserved 1048576K
}
Event: 38.069 GC heap before
{Heap before GC invocations=21 (full 0):
 garbage-first heap   total 131072K, used 115553K [0x0000000600000000, 0x0000000800000000)
  region size 4096K, 14 young (57344K), 2 survivors (8192K)
 Metaspace       used 73300K, committed 75392K, reserved 1114112K
  class space    used 10733K, committed 11776K, reserved 1048576K
}
Event: 38.085 GC heap after
{Heap after GC invocations=22 (full 0):
 garbage-first heap   total 131072K, used 72101K [0x0000000600000000, 0x0000000800000000)
  region size 4096K, 2 young (8192K), 2 survivors (8192K)
 Metaspace       used 73300K, committed 75392K, reserved 1114112K
  class space    used 10733K, committed 11776K, reserved 1048576K
}
Event: 41.994 GC heap before
{Heap before GC invocations=23 (full 0):
 garbage-first heap   total 131072K, used 117157K [0x0000000600000000, 0x0000000800000000)
  region size 4096K, 13 young (53248K), 2 survivors (8192K)
 Metaspace       used 77743K, committed 79936K, reserved 1179648K
  class space    used 11336K, committed 12416K, reserved 1048576K
}
Event: 42.007 GC heap after
{Heap after GC invocations=24 (full 0):
 garbage-first heap   total 135168K, used 75347K [0x0000000600000000, 0x0000000800000000)
  region size 4096K, 2 young (8192K), 2 survivors (8192K)
 Metaspace       used 77743K, committed 79936K, reserved 1179648K
  class space    used 11336K, committed 12416K, reserved 1048576K
}
Event: 101.944 GC heap before
{Heap before GC invocations=24 (full 0):
 garbage-first heap   total 135168K, used 116307K [0x0000000600000000, 0x0000000800000000)
  region size 4096K, 12 young (49152K), 2 survivors (8192K)
 Metaspace       used 79603K, committed 81792K, reserved 1179648K
  class space    used 11561K, committed 12672K, reserved 1048576K
}
Event: 102.001 GC heap after
{Heap after GC invocations=25 (full 0):
 garbage-first heap   total 135168K, used 79426K [0x0000000600000000, 0x0000000800000000)
  region size 4096K, 2 young (8192K), 2 survivors (8192K)
 Metaspace       used 79603K, committed 81792K, reserved 1179648K
  class space    used 11561K, committed 12672K, reserved 1048576K
}
Event: 102.480 GC heap before
{Heap before GC invocations=25 (full 0):
 garbage-first heap   total 135168K, used 116290K [0x0000000600000000, 0x0000000800000000)
  region size 4096K, 12 young (49152K), 2 survivors (8192K)
 Metaspace       used 79790K, committed 81984K, reserved 1179648K
  class space    used 11564K, committed 12672K, reserved 1048576K
}
Event: 102.509 GC heap after
{Heap after GC invocations=26 (full 0):
 garbage-first heap   total 139264K, used 83924K [0x0000000600000000, 0x0000000800000000)
  region size 4096K, 2 young (8192K), 2 survivors (8192K)
 Metaspace       used 79790K, committed 81984K, reserved 1179648K
  class space    used 11564K, committed 12672K, reserved 1048576K
}

